<?xml version="1.0" encoding="UTF-8"?>
<testsuite name="As a user I need to be able to get the weather of a city" tests="7" skipped="0" failures="0" errors="0" timestamp="2024-11-05T16:58:05" hostname="MacBook-Pro-de-Juan-2.local" time="4.685">
  <properties/>
  <testcase name="Get the stability of the weather API" classname="As a user I need to be able to get the weather of a city" time="2.197"/>
  <testcase name="Get the temperature of &quot;Cali&quot;" classname="As a user I need to be able to get the weather of a city" time="0.759"/>
  <testcase name="Get the temperature of &quot;Bogota&quot;" classname="As a user I need to be able to get the weather of a city" time="0.353"/>
  <testcase name="Get the temperature of &quot;Medellin&quot;" classname="As a user I need to be able to get the weather of a city" time="0.27"/>
  <testcase name="Get the temperature of &quot;Cartagena&quot;" classname="As a user I need to be able to get the weather of a city" time="0.385"/>
  <testcase name="Get the temperature of &quot;Barranquilla&quot;" classname="As a user I need to be able to get the weather of a city" time="0.379"/>
  <testcase name="Get the temperature of &quot;Santa Marta&quot;" classname="As a user I need to be able to get the weather of a city" time="0.342"/>
  <system-out><![CDATA[]]></system-out>
  <system-err><![CDATA[[Test worker] INFO  - 
  _____   ___   ___   _____     ___   _____     _     ___   _____   ___   ___  
 |_   _| | __| / __| |_   _|   / __| |_   _|   /_\   | _ \ |_   _| | __| |   \ 
   | |   | _|  \__ \   | |     \__ \   | |    / _ \  |   /   | |   | _|  | |) |
   |_|   |___| |___/   |_|     |___/   |_|   /_/ \_\ |_|_\   |_|   |___| |___/ 

Get the stability of the weather API(as-a-user-i-need-to-be-able-to-get-the-weather-of-a-city;get-the-stability-of-the-weather-api)
--------------------------------------------------------------------------------
[Test worker] INFO  - 
  _____   ___   ___   _____     ___     _     ___   ___   ___   ___  
 |_   _| | __| / __| |_   _|   | _ \   /_\   / __| / __| | __| |   \ 
   | |   | _|  \__ \   | |     |  _/  / _ \  \__ \ \__ \ | _|  | |) |
   |_|   |___| |___/   |_|     |_|   /_/ \_\ |___/ |___/ |___| |___/ 

Get the stability of the weather API
----------------------------------------------------------------------
[Test worker] INFO  - 
  _____   ___   ___   _____     ___   _____     _     ___   _____   ___   ___  
 |_   _| | __| / __| |_   _|   / __| |_   _|   /_\   | _ \ |_   _| | __| |   \ 
   | |   | _|  \__ \   | |     \__ \   | |    / _ \  |   /   | |   | _|  | |) |
   |_|   |___| |___/   |_|     |___/   |_|   /_/ \_\ |_|_\   |_|   |___| |___/ 

Get the temperature of "<city>"(as-a-user-i-need-to-be-able-to-get-the-weather-of-a-city;get-the-temperature-of-"<city>")
--------------------------------------------------------------------------------
[Test worker] INFO  - 
  _____   ___   ___   _____     ___     _     ___   ___   ___   ___  
 |_   _| | __| / __| |_   _|   | _ \   /_\   / __| / __| | __| |   \ 
   | |   | _|  \__ \   | |     |  _/  / _ \  \__ \ \__ \ | _|  | |) |
   |_|   |___| |___/   |_|     |_|   /_/ \_\ |___/ |___/ |___| |___/ 

Get the temperature of "<city>"
----------------------------------------------------------------------
[Test worker] INFO  - 
  _____   ___   ___   _____     ___     _     ___   ___   ___   ___  
 |_   _| | __| / __| |_   _|   | _ \   /_\   / __| / __| | __| |   \ 
   | |   | _|  \__ \   | |     |  _/  / _ \  \__ \ \__ \ | _|  | |) |
   |_|   |___| |___/   |_|     |_|   /_/ \_\ |___/ |___/ |___| |___/ 

Get the temperature of "<city>"
----------------------------------------------------------------------
]]></system-err>
</testsuite>
